TN:
SF:controllers\userOrderControl.js
FN:4,Object.<anonymous>.exports.createOrder
FN:52,Object.<anonymous>.exports.getOrderHistory
FN:73,Object.<anonymous>.exports.updateConfirmedOrderStatus
FNF:3
FNH:0
FNDA:0,Object.<anonymous>.exports.createOrder
FNDA:0,Object.<anonymous>.exports.getOrderHistory
FNDA:0,Object.<anonymous>.exports.updateConfirmedOrderStatus
DA:1,1
DA:2,1
DA:3,1
DA:4,1
DA:5,0
DA:6,0
DA:7,0
DA:8,0
DA:9,0
DA:10,0
DA:11,0
DA:12,0
DA:13,0
DA:14,0
DA:15,0
DA:16,0
DA:17,0
DA:18,0
DA:19,0
DA:20,0
DA:21,0
DA:22,0
DA:23,0
DA:24,0
DA:25,0
DA:26,0
DA:27,0
DA:28,0
DA:29,0
DA:30,0
DA:31,0
DA:32,0
DA:33,0
DA:34,0
DA:35,0
DA:36,0
DA:37,0
DA:38,0
DA:39,0
DA:40,0
DA:41,0
DA:42,0
DA:43,0
DA:44,0
DA:45,0
DA:46,0
DA:47,0
DA:48,0
DA:49,0
DA:50,0
DA:51,1
DA:52,1
DA:53,0
DA:54,0
DA:55,0
DA:56,0
DA:57,0
DA:58,0
DA:59,0
DA:60,0
DA:61,0
DA:62,0
DA:63,0
DA:64,0
DA:65,0
DA:66,0
DA:67,0
DA:68,0
DA:69,0
DA:70,0
DA:71,0
DA:72,1
DA:73,1
DA:74,0
DA:75,0
DA:76,0
DA:77,0
DA:78,0
DA:79,0
DA:80,0
DA:81,0
DA:82,0
DA:83,0
DA:84,0
DA:85,0
DA:86,0
LF:86
LH:8
BRF:0
BRH:0
end_of_record
TN:
SF:controllers\vendorOrderControl.js
FN:3,Object.<anonymous>.exports.updateOrderStatus
FN:24,Object.<anonymous>.exports.getOrders
FNF:2
FNH:0
FNDA:0,Object.<anonymous>.exports.updateOrderStatus
FNDA:0,Object.<anonymous>.exports.getOrders
DA:1,1
DA:2,1
DA:3,1
DA:4,0
DA:5,0
DA:6,0
DA:7,0
DA:8,0
DA:9,0
DA:10,0
DA:11,0
DA:12,0
DA:13,0
DA:14,0
DA:15,0
DA:16,0
DA:17,0
DA:18,0
DA:19,0
DA:20,0
DA:21,0
DA:22,0
DA:23,1
DA:24,1
DA:25,0
DA:26,0
DA:27,0
DA:28,0
DA:29,0
DA:30,0
DA:31,0
DA:32,0
DA:33,0
DA:34,0
DA:35,0
DA:36,0
DA:37,0
LF:37
LH:5
BRF:0
BRH:0
end_of_record
